[01m[K/home/ccy/planr_ws/src/festival_ur_core_node/src/festival_ur_core.cpp:[m[K In constructor â€˜[01m[KFestivalNode::FestivalNode(std::shared_ptr<rclcpp::Node>)[m[Kâ€™:
[01m[K/home/ccy/planr_ws/src/festival_ur_core_node/src/festival_ur_core.cpp:237:10:[m[K [01;35m[Kwarning: [m[Kâ€˜[01m[KFestivalNode::robot_status[m[Kâ€™ will be initialized after [[01;35m[K]8;;https://gcc.gnu.org/onlinedocs/gcc/Warning-Options.html#index-Wreorder-Wreorder]8;;[m[K]
  237 |   Status [01;35m[Krobot_status[m[K;
      |          [01;35m[K^~~~~~~~~~~~[m[K
[01m[K/home/ccy/planr_ws/src/festival_ur_core_node/src/festival_ur_core.cpp:236:21:[m[K [01;35m[Kwarning: [m[K  â€˜[01m[Kdouble FestivalNode::period[m[Kâ€™ [[01;35m[K]8;;https://gcc.gnu.org/onlinedocs/gcc/Warning-Options.html#index-Wreorder-Wreorder]8;;[m[K]
  236 |          q2, q3, q4,[01;35m[Kperiod[m[K;
      |                     [01;35m[K^~~~~~[m[K
[01m[K/home/ccy/planr_ws/src/festival_ur_core_node/src/festival_ur_core.cpp:27:3:[m[K [01;35m[Kwarning: [m[K  when initialized here [[01;35m[K]8;;https://gcc.gnu.org/onlinedocs/gcc/Warning-Options.html#index-Wreorder-Wreorder]8;;[m[K]
   27 |   [01;35m[KFestivalNode[m[K(std::shared_ptr<rclcpp::Node> festival_ur_core_node_)
      |   [01;35m[K^~~~~~~~~~~~[m[K
[01m[K/home/ccy/planr_ws/src/festival_ur_core_node/src/festival_ur_core.cpp:39:51:[m[K [01;31m[Kerror: [m[Kâ€˜[01m[Kfestival_ur_core[m[Kâ€™ was not declared in this scope; did you mean â€˜[01m[Kfestival_ur_core_node_[m[Kâ€™?
   39 |     joint_pose_publisher = this->create_publisher<[01;31m[Kfestival_ur_core[m[K::msg::Purpose>("joint_purpose", 10);
      |                                                   [01;31m[K^~~~~~~~~~~~~~~~[m[K
      |                                                   [32m[Kfestival_ur_core_node_[m[K
[01m[K/home/ccy/planr_ws/src/festival_ur_core_node/src/festival_ur_core.cpp:39:34:[m[K [01;31m[Kerror: [m[Kparse error in template argument list
   39 |     joint_pose_publisher = this->[01;31m[Kcreate_publisher<festival_ur_core::msg::Purpose>[m[K("joint_purpose", 10);
      |                                  [01;31m[K^~~~~~~~~~~~~~~~~~~~~~~~~~~~~~~~~~~~~~~~~~~~~~~~[m[K
[01m[K/home/ccy/planr_ws/src/festival_ur_core_node/src/festival_ur_core.cpp:39:82:[m[K [01;31m[Kerror: [m[Kno matching function for call to â€˜[01m[KFestivalNode::create_publisher<<expression error> >(const char [14], int)[m[Kâ€™
   39 |     joint_pose_publisher = [01;31m[Kthis->create_publisher<festival_ur_core::msg::Purpose>("joint_purpose", 10)[m[K;
      |                            [01;31m[K~~~~~~~~~~~~~~~~~~~~~~~~~~~~~~~~~~~~~~~~~~~~~~~~~~~~~~^~~~~~~~~~~~~~~~~~~~~[m[K
In file included from [01m[K/opt/ros/humble/include/rclcpp/rclcpp/executors/single_threaded_executor.hpp:28[m[K,
                 from [01m[K/opt/ros/humble/include/rclcpp/rclcpp/executors.hpp:22[m[K,
                 from [01m[K/opt/ros/humble/include/rclcpp/rclcpp/rclcpp.hpp:155[m[K,
                 from [01m[K/home/ccy/planr_ws/src/festival_ur_core_node/src/festival_ur_core.cpp:5[m[K:
[01m[K/opt/ros/humble/include/rclcpp/rclcpp/node.hpp:195:3:[m[K [01;36m[Knote: [m[Kcandidate: â€˜[01m[Ktemplate<class MessageT, class AllocatorT, class PublisherT> std::shared_ptr<PublisherT> rclcpp::Node::create_publisher(const string&, const rclcpp::QoS&, const rclcpp::PublisherOptionsWithAllocator<AllocatorT>&)[m[Kâ€™
  195 |   [01;36m[Kcreate_publisher[m[K(
      |   [01;36m[K^~~~~~~~~~~~~~~~[m[K
[01m[K/opt/ros/humble/include/rclcpp/rclcpp/node.hpp:195:3:[m[K [01;36m[Knote: [m[K  template argument deduction/substitution failed:
[01m[K/home/ccy/planr_ws/src/festival_ur_core_node/src/festival_ur_core.cpp:39:82:[m[K [01;31m[Kerror: [m[Ktemplate argument 1 is invalid
   39 |     joint_pose_publisher = [01;31m[Kthis->create_publisher<festival_ur_core::msg::Purpose>("joint_purpose", 10)[m[K;
      |                            [01;31m[K~~~~~~~~~~~~~~~~~~~~~~~~~~~~~~~~~~~~~~~~~~~~~~~~~~~~~~^~~~~~~~~~~~~~~~~~~~~[m[K
[01m[K/home/ccy/planr_ws/src/festival_ur_core_node/src/festival_ur_core.cpp:40:25:[m[K [01;31m[Kerror: [m[Kâ€˜[01m[Kfestival_ur_core[m[Kâ€™ is not a class, namespace, or enumeration
   40 |     auto purpose_msgs = [01;31m[Kfestival_ur_core[m[K::msg::Purpose();
      |                         [01;31m[K^~~~~~~~~~~~~~~~[m[K
[01m[K/home/ccy/planr_ws/src/festival_ur_core_node/src/festival_ur_core.cpp:66:16:[m[K [01;31m[Kerror: [m[Kâ€˜[01m[Kjoint_group_positions_arm[m[Kâ€™ was not declared in this scope; did you mean â€˜[01m[Kjoint_group_velocities_arm[m[Kâ€™?
   66 |     jointPrint([01;31m[Kjoint_group_positions_arm[m[K);
      |                [01;31m[K^~~~~~~~~~~~~~~~~~~~~~~~~[m[K
      |                [32m[Kjoint_group_velocities_arm[m[K
[01m[K/home/ccy/planr_ws/src/festival_ur_core_node/src/festival_ur_core.cpp:[m[K In member function â€˜[01m[Kvoid FestivalNode::jointStateCallback(sensor_msgs::msg::JointState_<std::allocator<void> >::SharedPtr)[m[Kâ€™:
[01m[K/home/ccy/planr_ws/src/festival_ur_core_node/src/festival_ur_core.cpp:78:5:[m[K [01;31m[Kerror: [m[Kâ€˜[01m[KjointStateUpddate[m[Kâ€™ was not declared in this scope
   78 |     [01;31m[KjointStateUpddate[m[K(msg->position);
      |     [01;31m[K^~~~~~~~~~~~~~~~~[m[K
[01m[K/home/ccy/planr_ws/src/festival_ur_core_node/src/festival_ur_core.cpp:[m[K In member function â€˜[01m[Kvoid FestivalNode::startPicServer(std::shared_ptr<std_srvs::srv::Trigger_Request_<std::allocator<void> > >, std::shared_ptr<std_srvs::srv::Trigger_Response_<std::allocator<void> > >)[m[Kâ€™:
[01m[K/home/ccy/planr_ws/src/festival_ur_core_node/src/festival_ur_core.cpp:81:78:[m[K [01;35m[Kwarning: [m[Kunused parameter â€˜[01m[Krequest[m[Kâ€™ [[01;35m[K]8;;https://gcc.gnu.org/onlinedocs/gcc/Warning-Options.html#index-Wunused-parameter-Wunused-parameter]8;;[m[K]
   81 |   void startPicServer([01;35m[Kconst std::shared_ptr<std_srvs::srv::Trigger::Request> request[m[K,
      |                       [01;35m[K~~~~~~~~~~~~~~~~~~~~~~~~~~~~~~~~~~~~~~~~~~~~~~~~~~~~~~~^~~~~~~[m[K
[01m[K/home/ccy/planr_ws/src/festival_ur_core_node/src/festival_ur_core.cpp:[m[K In member function â€˜[01m[Kvoid FestivalNode::finishPicServer(std::shared_ptr<std_srvs::srv::Trigger_Request_<std::allocator<void> > >, std::shared_ptr<std_srvs::srv::Trigger_Response_<std::allocator<void> > >)[m[Kâ€™:
[01m[K/home/ccy/planr_ws/src/festival_ur_core_node/src/festival_ur_core.cpp:92:79:[m[K [01;35m[Kwarning: [m[Kunused parameter â€˜[01m[Krequest[m[Kâ€™ [[01;35m[K]8;;https://gcc.gnu.org/onlinedocs/gcc/Warning-Options.html#index-Wunused-parameter-Wunused-parameter]8;;[m[K]
   92 |   void finishPicServer([01;35m[Kconst std::shared_ptr<std_srvs::srv::Trigger::Request> request[m[K,
      |                        [01;35m[K~~~~~~~~~~~~~~~~~~~~~~~~~~~~~~~~~~~~~~~~~~~~~~~~~~~~~~~^~~~~~~[m[K
[01m[K/home/ccy/planr_ws/src/festival_ur_core_node/src/festival_ur_core.cpp:[m[K In member function â€˜[01m[Kvoid FestivalNode::initialParamSetup()[m[Kâ€™:
[01m[K/home/ccy/planr_ws/src/festival_ur_core_node/src/festival_ur_core.cpp:117:5:[m[K [01;31m[Kerror: [m[Kâ€˜[01m[Kgoal_z[m[Kâ€™ was not declared in this scope; did you mean â€˜[01m[Kgoal_x[m[Kâ€™?
  117 |     [01;31m[Kgoal_z[m[K=0;
      |     [01;31m[K^~~~~~[m[K
      |     [32m[Kgoal_x[m[K
[01m[K/home/ccy/planr_ws/src/festival_ur_core_node/src/festival_ur_core.cpp:[m[K In member function â€˜[01m[Kvoid FestivalNode::camera_pose(const double*)[m[Kâ€™:
[01m[K/home/ccy/planr_ws/src/festival_ur_core_node/src/festival_ur_core.cpp:151:33:[m[K [01;35m[Kwarning: [m[Kunused parameter â€˜[01m[Kinput[m[Kâ€™ [[01;35m[K]8;;https://gcc.gnu.org/onlinedocs/gcc/Warning-Options.html#index-Wunused-parameter-Wunused-parameter]8;;[m[K]
  151 |   void camera_pose([01;35m[Kconst double input[][m[K)
      |                    [01;35m[K~~~~~~~~~~~~~^~~~~~~[m[K
[01m[K/home/ccy/planr_ws/src/festival_ur_core_node/src/festival_ur_core.cpp:[m[K In member function â€˜[01m[Kvoid FestivalNode::initialJointSetup()[m[Kâ€™:
[01m[K/home/ccy/planr_ws/src/festival_ur_core_node/src/festival_ur_core.cpp:159:5:[m[K [01;31m[Kerror: [m[Kâ€˜[01m[Kjoint_group_positions_arm[m[Kâ€™ was not declared in this scope; did you mean â€˜[01m[Kjoint_group_velocities_arm[m[Kâ€™?
  159 |     [01;31m[Kjoint_group_positions_arm[m[K.emplace_back(0*M_PI/180); //base
      |     [01;31m[K^~~~~~~~~~~~~~~~~~~~~~~~~[m[K
      |     [32m[Kjoint_group_velocities_arm[m[K
[01m[K/home/ccy/planr_ws/src/festival_ur_core_node/src/festival_ur_core.cpp:166:5:[m[K [01;31m[Kerror: [m[Kâ€˜[01m[Kpurpose_msgs[m[Kâ€™ was not declared in this scope
  166 |     [01;31m[Kpurpose_msgs[m[K.joints = joint_group_positions_arm;
      |     [01;31m[K^~~~~~~~~~~~[m[K
[01m[K/home/ccy/planr_ws/src/festival_ur_core_node/src/festival_ur_core.cpp:[m[K In member function â€˜[01m[Kvoid FestivalNode::jointupdate()[m[Kâ€™:
[01m[K/home/ccy/planr_ws/src/festival_ur_core_node/src/festival_ur_core.cpp:184:10:[m[K [01;31m[Kerror: [m[Kâ€˜[01m[Kjoint_group_positions_arm[m[Kâ€™ was not declared in this scope; did you mean â€˜[01m[Kjoint_group_velocities_arm[m[Kâ€™?
  184 |       q2=[01;31m[Kjoint_group_positions_arm[m[K[1];
      |          [01;31m[K^~~~~~~~~~~~~~~~~~~~~~~~~[m[K
      |          [32m[Kjoint_group_velocities_arm[m[K
[01m[K/home/ccy/planr_ws/src/festival_ur_core_node/src/festival_ur_core.cpp:[m[K In member function â€˜[01m[Kvoid FestivalNode::timer_callback()[m[Kâ€™:
[01m[K/home/ccy/planr_ws/src/festival_ur_core_node/src/festival_ur_core.cpp:215:7:[m[K [01;31m[Kerror: [m[Kâ€˜[01m[Kplan_arm_joint_space[m[Kâ€™ was not declared in this scope
  215 |       [01;31m[Kplan_arm_joint_space[m[K();//ë³´ë‚¸ê²ƒ
      |       [01;31m[K^~~~~~~~~~~~~~~~~~~~[m[K
gmake[2]: *** [CMakeFiles/festival_ur_core.dir/build.make:76: CMakeFiles/festival_ur_core.dir/src/festival_ur_core.cpp.o] Error 1
gmake[1]: *** [CMakeFiles/Makefile2:140: CMakeFiles/festival_ur_core.dir/all] Error 2
gmake: *** [Makefile:146: all] Error 2
